This file contains any messages produced by compilers while
running configure, to aid debugging if configure makes a mistake.

It was created by OpenJDK configure jdk9, which was
generated by GNU Autoconf 2.69.  Invocation command line was

  $ /home/alex/projects/openjdk/jdk10u/configure PRINTF=printf

## --------- ##
## Platform. ##
## --------- ##

hostname = hp
uname -m = x86_64
uname -r = 3.16.0-0.bpo.4-amd64
uname -s = Linux
uname -v = #1 SMP Debian 3.16.7-ckt11-1+deb8u3~bpo70+1 (2015-08-08)

/usr/bin/uname -p = unknown
/bin/uname -X     = unknown

/bin/arch              = unknown
/usr/bin/arch -k       = unknown
/usr/convex/getsysinfo = unknown
/usr/bin/hostinfo      = unknown
/bin/machine           = unknown
/usr/bin/oslevel       = unknown
/bin/universe          = unknown

PATH: /usr/local/bin
PATH: /tools
PATH: /platform-tools
PATH: .
PATH: /home/alex/bin
PATH: /home/alex/java/openjdk8_u131/bin
PATH: /home/alex/projects/staticlibs/cmake/resources/creset/
PATH: /home/alex/projects/staticlibs/cmake/resources/shortcuts/
PATH: /home/alex/apps/node/bin
PATH: /home/alex/apps/stack
PATH: /usr/local/bin
PATH: /usr/bin
PATH: /bin
PATH: /usr/games


## ----------- ##
## Core tests. ##
## ----------- ##


## ---------------- ##
## Cache variables. ##
## ---------------- ##

ac_cv_env_ALSA_CFLAGS_set=
ac_cv_env_ALSA_CFLAGS_value=
ac_cv_env_ALSA_LIBS_set=
ac_cv_env_ALSA_LIBS_value=
ac_cv_env_AR_set=
ac_cv_env_AR_value=
ac_cv_env_AS_set=
ac_cv_env_AS_value=
ac_cv_env_AWK_set=
ac_cv_env_AWK_value=
ac_cv_env_BASENAME_set=
ac_cv_env_BASENAME_value=
ac_cv_env_BASH_set=set
ac_cv_env_BASH_value=/bin/bash
ac_cv_env_BUILD_AR_set=
ac_cv_env_BUILD_AR_value=
ac_cv_env_BUILD_CC_set=
ac_cv_env_BUILD_CC_value=
ac_cv_env_BUILD_CXX_set=
ac_cv_env_BUILD_CXX_value=
ac_cv_env_BUILD_NM_set=
ac_cv_env_BUILD_NM_value=
ac_cv_env_BUILD_OBJCOPY_set=
ac_cv_env_BUILD_OBJCOPY_value=
ac_cv_env_BUILD_STRIP_set=
ac_cv_env_BUILD_STRIP_value=
ac_cv_env_CAT_set=
ac_cv_env_CAT_value=
ac_cv_env_CCACHE_set=
ac_cv_env_CCACHE_value=
ac_cv_env_CCC_set=
ac_cv_env_CCC_value=
ac_cv_env_CC_set=
ac_cv_env_CC_value=
ac_cv_env_CFLAGS_set=
ac_cv_env_CFLAGS_value=
ac_cv_env_CHMOD_set=
ac_cv_env_CHMOD_value=
ac_cv_env_CMP_set=
ac_cv_env_CMP_value=
ac_cv_env_CODESIGN_set=
ac_cv_env_CODESIGN_value=
ac_cv_env_COMM_set=
ac_cv_env_COMM_value=
ac_cv_env_CPIO_set=
ac_cv_env_CPIO_value=
ac_cv_env_CPPFLAGS_set=
ac_cv_env_CPPFLAGS_value=
ac_cv_env_CPP_set=
ac_cv_env_CPP_value=
ac_cv_env_CP_set=
ac_cv_env_CP_value=
ac_cv_env_CUT_set=
ac_cv_env_CUT_value=
ac_cv_env_CXXCPP_set=
ac_cv_env_CXXCPP_value=
ac_cv_env_CXXFLAGS_set=
ac_cv_env_CXXFLAGS_value=
ac_cv_env_CXX_set=
ac_cv_env_CXX_value=
ac_cv_env_CYGPATH_set=
ac_cv_env_CYGPATH_value=
ac_cv_env_DATE_set=
ac_cv_env_DATE_value=
ac_cv_env_DF_set=
ac_cv_env_DF_value=
ac_cv_env_DIFF_set=
ac_cv_env_DIFF_value=
ac_cv_env_DIRNAME_set=
ac_cv_env_DIRNAME_value=
ac_cv_env_DOT_set=
ac_cv_env_DOT_value=
ac_cv_env_DSYMUTIL_set=
ac_cv_env_DSYMUTIL_value=
ac_cv_env_DTRACE_set=
ac_cv_env_DTRACE_value=
ac_cv_env_ECHO_set=
ac_cv_env_ECHO_value=
ac_cv_env_EGREP_set=
ac_cv_env_EGREP_value=
ac_cv_env_EXPR_set=
ac_cv_env_EXPR_value=
ac_cv_env_FGREP_set=
ac_cv_env_FGREP_value=
ac_cv_env_FILE_set=
ac_cv_env_FILE_value=
ac_cv_env_FIND_set=
ac_cv_env_FIND_value=
ac_cv_env_FLOCK_set=
ac_cv_env_FLOCK_value=
ac_cv_env_FREETYPE_CFLAGS_set=
ac_cv_env_FREETYPE_CFLAGS_value=
ac_cv_env_FREETYPE_LIBS_set=
ac_cv_env_FREETYPE_LIBS_value=
ac_cv_env_GNM_set=
ac_cv_env_GNM_value=
ac_cv_env_GREP_set=
ac_cv_env_GREP_value=
ac_cv_env_GUNZIP_set=
ac_cv_env_GUNZIP_value=
ac_cv_env_GZIP_set=
ac_cv_env_GZIP_value=
ac_cv_env_HEAD_set=
ac_cv_env_HEAD_value=
ac_cv_env_HG_set=
ac_cv_env_HG_value=
ac_cv_env_ICECC_CMD_set=
ac_cv_env_ICECC_CMD_value=
ac_cv_env_ICECC_CREATE_ENV_set=
ac_cv_env_ICECC_CREATE_ENV_value=
ac_cv_env_ICECC_WRAPPER_set=
ac_cv_env_ICECC_WRAPPER_value=
ac_cv_env_INSTALL_NAME_TOOL_set=
ac_cv_env_INSTALL_NAME_TOOL_value=
ac_cv_env_JARSIGNER_set=
ac_cv_env_JARSIGNER_value=
ac_cv_env_JAR_set=
ac_cv_env_JAR_value=
ac_cv_env_JAVAC_set=
ac_cv_env_JAVAC_value=
ac_cv_env_JAVADOC_set=
ac_cv_env_JAVADOC_value=
ac_cv_env_JAVA_set=
ac_cv_env_JAVA_value=
ac_cv_env_JTREGEXE_set=
ac_cv_env_JTREGEXE_value=
ac_cv_env_LCMS_CFLAGS_set=
ac_cv_env_LCMS_CFLAGS_value=
ac_cv_env_LCMS_LIBS_set=
ac_cv_env_LCMS_LIBS_value=
ac_cv_env_LDD_set=
ac_cv_env_LDD_value=
ac_cv_env_LDFLAGS_set=
ac_cv_env_LDFLAGS_value=
ac_cv_env_LIBFFI_CFLAGS_set=
ac_cv_env_LIBFFI_CFLAGS_value=
ac_cv_env_LIBFFI_LIBS_set=
ac_cv_env_LIBFFI_LIBS_value=
ac_cv_env_LIBS_set=
ac_cv_env_LIBS_value=
ac_cv_env_LIPO_set=
ac_cv_env_LIPO_value=
ac_cv_env_LN_set=
ac_cv_env_LN_value=
ac_cv_env_LS_set=
ac_cv_env_LS_value=
ac_cv_env_MAKE_set=
ac_cv_env_MAKE_value=
ac_cv_env_MKDIR_set=
ac_cv_env_MKDIR_value=
ac_cv_env_MKTEMP_set=
ac_cv_env_MKTEMP_value=
ac_cv_env_MV_set=
ac_cv_env_MV_value=
ac_cv_env_NAWK_set=
ac_cv_env_NAWK_value=
ac_cv_env_NICE_set=
ac_cv_env_NICE_value=
ac_cv_env_NM_set=
ac_cv_env_NM_value=
ac_cv_env_OBJCOPY_set=
ac_cv_env_OBJCOPY_value=
ac_cv_env_OBJDUMP_set=
ac_cv_env_OBJDUMP_value=
ac_cv_env_OTOOL_set=
ac_cv_env_OTOOL_value=
ac_cv_env_PANDOC_set=
ac_cv_env_PANDOC_value=
ac_cv_env_PATCH_set=
ac_cv_env_PATCH_value=
ac_cv_env_PKG_CONFIG_set=
ac_cv_env_PKG_CONFIG_value=
ac_cv_env_PNG_CFLAGS_set=
ac_cv_env_PNG_CFLAGS_value=
ac_cv_env_PNG_LIBS_set=
ac_cv_env_PNG_LIBS_value=
ac_cv_env_PRINTF_set=set
ac_cv_env_PRINTF_value=printf
ac_cv_env_READELF_set=
ac_cv_env_READELF_value=
ac_cv_env_READLINK_set=
ac_cv_env_READLINK_value=
ac_cv_env_RMDIR_set=
ac_cv_env_RMDIR_value=
ac_cv_env_RM_set=
ac_cv_env_RM_value=
ac_cv_env_SED_set=
ac_cv_env_SED_value=
ac_cv_env_SETFILE_set=
ac_cv_env_SETFILE_value=
ac_cv_env_SH_set=
ac_cv_env_SH_value=
ac_cv_env_SORT_set=
ac_cv_env_SORT_value=
ac_cv_env_STAT_set=
ac_cv_env_STAT_value=
ac_cv_env_STRIP_set=
ac_cv_env_STRIP_value=
ac_cv_env_TAIL_set=
ac_cv_env_TAIL_value=
ac_cv_env_TAR_set=
ac_cv_env_TAR_value=
ac_cv_env_TEE_set=
ac_cv_env_TEE_value=
ac_cv_env_TIME_set=
ac_cv_env_TIME_value=
ac_cv_env_TOUCH_set=
ac_cv_env_TOUCH_value=
ac_cv_env_TR_set=
ac_cv_env_TR_value=
ac_cv_env_UNAME_set=
ac_cv_env_UNAME_value=
ac_cv_env_UNIQ_set=
ac_cv_env_UNIQ_value=
ac_cv_env_UNZIP_set=
ac_cv_env_UNZIP_value=
ac_cv_env_WC_set=
ac_cv_env_WC_value=
ac_cv_env_WHICH_set=
ac_cv_env_WHICH_value=
ac_cv_env_XARGS_set=
ac_cv_env_XARGS_value=
ac_cv_env_XATTR_set=
ac_cv_env_XATTR_value=
ac_cv_env_XMKMF_set=
ac_cv_env_XMKMF_value=
ac_cv_env_ZIPEXE_set=
ac_cv_env_ZIPEXE_value=
ac_cv_env_build_alias_set=
ac_cv_env_build_alias_value=
ac_cv_env_host_alias_set=
ac_cv_env_host_alias_value=
ac_cv_env_target_alias_set=
ac_cv_env_target_alias_value=

## ----------------- ##
## Output variables. ##
## ----------------- ##

ALSA_CFLAGS=''
ALSA_LIBS=''
AR=''
ARFLAGS=''
AR_OUT_OPTION=''
AS=''
ASAN_ENABLED=''
AWK=''
BASENAME=''
BASH='/bin/bash'
BASH_ARGS=''
BOOTCYCLE_JVM_ARGS_BIG=''
BOOT_JDK=''
BOOT_JDK_SOURCETARGET=''
BUILD_AR=''
BUILD_AS=''
BUILD_CC=''
BUILD_CC_DISABLE_WARNING_PREFIX=''
BUILD_CXX=''
BUILD_FAILURE_HANDLER=''
BUILD_GTEST=''
BUILD_ICECC=''
BUILD_JDK=''
BUILD_LD=''
BUILD_LDCXX=''
BUILD_NM=''
BUILD_OBJCOPY=''
BUILD_STRIP=''
BUILD_SYSROOT_CFLAGS=''
BUILD_SYSROOT_LDFLAGS=''
CACERTS_FILE=''
CAT=''
CC=''
CCACHE=''
CC_OUT_OPTION=''
CC_VERSION_NUMBER=''
CFLAGS=''
CFLAGS_CCACHE=''
CFLAGS_DEBUG_SYMBOLS=''
CFLAGS_JDKEXE=''
CFLAGS_JDKLIB=''
CFLAGS_TESTEXE=''
CFLAGS_TESTLIB=''
CFLAGS_WARNINGS_ARE_ERRORS=''
CHECK_GMAKE=''
CHECK_MAKE=''
CHECK_TOOLSDIR_GMAKE=''
CHECK_TOOLSDIR_MAKE=''
CHMOD=''
CMP=''
CODESIGN=''
COMM=''
COMPANY_NAME=''
COMPILER_BINDCMD_FILE_FLAG=''
COMPILER_COMMAND_FILE_FLAG=''
COMPILER_SUPPORTS_TARGET_BITS_FLAG=''
COMPILER_TARGET_BITS_FLAG=''
COMPILE_TYPE=''
COMPILE_WITH_DEBUG_SYMBOLS=''
COMPRESS_JARS=''
CONFIGURESUPPORT_OUTPUTDIR=''
CONFIGURE_COMMAND_LINE='--help'
CONF_NAME=''
COPYRIGHT_YEAR=''
COPY_DEBUG_SYMBOLS=''
CP=''
CPIO=''
CPP=''
CPPFLAGS=''
CREATE_BUILDJDK=''
CUPS_CFLAGS=''
CUT=''
CXX=''
CXXCPP=''
CXXFLAGS=''
CXXFLAGS_DEBUG_SYMBOLS=''
CXXFLAGS_JDKEXE=''
CXXFLAGS_JDKLIB=''
CXXFLAGS_TESTEXE=''
CXXFLAGS_TESTLIB=''
CXXSTD_CXXFLAG=''
CXX_FLAG_DEPS=''
CXX_FLAG_REORDER=''
CXX_O_FLAG_DEBUG=''
CXX_O_FLAG_HI=''
CXX_O_FLAG_HIGHEST=''
CXX_O_FLAG_HIGHEST_JVM=''
CXX_O_FLAG_NONE=''
CXX_O_FLAG_NORM=''
CXX_O_FLAG_SIZE=''
CXX_VERSION_NUMBER=''
CYGPATH=''
CYGWIN_LINK=''
C_FLAG_DEPS=''
C_FLAG_REORDER=''
C_O_FLAG_DEBUG=''
C_O_FLAG_HI=''
C_O_FLAG_HIGHEST=''
C_O_FLAG_HIGHEST_JVM=''
C_O_FLAG_NONE=''
C_O_FLAG_NORM=''
C_O_FLAG_SIZE=''
DATE=''
DATE_WHEN_CONFIGURED=''
DEBUG_LEVEL=''
DEFAULT_MAKE_TARGET=''
DEFINE_CROSS_COMPILE_ARCH=''
DEFS=''
DEVKIT_LIB_DIR=''
DF=''
DIFF=''
DIRNAME=''
DISABLE_WARNING_PREFIX=''
DOT=''
DSYMUTIL=''
DTRACE=''
DUMPBIN=''
ECHO=''
ECHO_C=''
ECHO_N='-n'
ECHO_T=''
EGREP=''
ENABLE_AOT=''
ENABLE_CDS=''
ENABLE_FULL_DOCS=''
ENABLE_GENERATE_CLASSLIST=''
ENABLE_HEADLESS_ONLY=''
ENABLE_INTREE_EC=''
ENABLE_JAVAC_SERVER=''
ENABLE_LIBFFI_BUNDLING=''
ENABLE_SJAVAC=''
EXEEXT=''
EXE_OUT_OPTION=''
EXE_SUFFIX=''
EXPR=''
EXTERNAL_BUILDJDK=''
EXTRA_CFLAGS=''
EXTRA_CXXFLAGS=''
EXTRA_LDFLAGS=''
FGREP=''
FILE=''
FIND=''
FIND_DELETE=''
FIXPATH=''
FIXPATH_DETACH_FLAG=''
FLOCK=''
FONTCONFIG_CFLAGS=''
FREETYPE_BUNDLE_LIB_PATH=''
FREETYPE_CFLAGS=''
FREETYPE_LIBS=''
FREETYPE_LICENSE=''
GCOV_ENABLED=''
GNM=''
GREP=''
GUNZIP=''
GZIP=''
HEAD=''
HG=''
HOTSPOT_BUILD_CPU=''
HOTSPOT_BUILD_CPU_ARCH=''
HOTSPOT_BUILD_CPU_DEFINE=''
HOTSPOT_BUILD_OS=''
HOTSPOT_BUILD_OS_TYPE=''
HOTSPOT_DEBUG_LEVEL=''
HOTSPOT_TARGET_CPU=''
HOTSPOT_TARGET_CPU_ARCH=''
HOTSPOT_TARGET_CPU_DEFINE=''
HOTSPOT_TARGET_OS=''
HOTSPOT_TARGET_OS_TYPE=''
HOTSPOT_TOOLCHAIN_TYPE=''
HOTSPOT_VM_DISTRO=''
ICECC=''
ICECC_CMD=''
ICECC_CREATE_ENV=''
ICECC_WRAPPER=''
IMPORT_MODULES_CLASSES=''
IMPORT_MODULES_CMDS=''
IMPORT_MODULES_CONF=''
IMPORT_MODULES_LEGAL=''
IMPORT_MODULES_LIBS=''
IMPORT_MODULES_MAKE=''
IMPORT_MODULES_MAN=''
IMPORT_MODULES_SRC=''
INCLUDE_GRAAL=''
INCLUDE_SA=''
INSTALL_NAME_TOOL=''
IS_GNU_TIME=''
JAR=''
JARSIGNER=''
JAVA=''
JAVAC=''
JAVAC_CHECK=''
JAVAC_FLAGS=''
JAVADOC=''
JAVA_CHECK=''
JAVA_FLAGS=''
JAVA_FLAGS_BIG=''
JAVA_FLAGS_JAVAC=''
JAVA_FLAGS_SMALL=''
JAVA_TOOL_FLAGS_SMALL=''
JDKEXE_LIBS=''
JDKLIB_LIBS=''
JDK_ARCH_ABI_PROP_NAME=''
JDK_RC_PLATFORM_NAME=''
JDK_VARIANT=''
JIB_JAR=''
JLINK=''
JLINK_KEEP_PACKAGED_MODULES=''
JMOD=''
JOBS=''
JTREGEXE=''
JT_HOME=''
JVM_ASFLAGS=''
JVM_CFLAGS=''
JVM_CFLAGS_SYMBOLS=''
JVM_FEATURES_client=''
JVM_FEATURES_core=''
JVM_FEATURES_custom=''
JVM_FEATURES_minimal=''
JVM_FEATURES_server=''
JVM_FEATURES_zero=''
JVM_LDFLAGS=''
JVM_LIBS=''
JVM_RCFLAGS=''
JVM_VARIANTS=''
JVM_VARIANT_MAIN=''
LAUNCHER_NAME=''
LCMS_CFLAGS=''
LCMS_LIBS=''
LD=''
LDCXX=''
LDD=''
LDFLAGS=''
LDFLAGS_CXX_JDK=''
LDFLAGS_HASH_STYLE=''
LDFLAGS_JDKEXE=''
LDFLAGS_JDKLIB=''
LDFLAGS_NO_EXEC_STACK=''
LDFLAGS_TESTEXE=''
LDFLAGS_TESTLIB=''
LD_OUT_OPTION=''
LIBCXX=''
LIBDL=''
LIBFFI_CFLAGS=''
LIBFFI_LIBS=''
LIBFFI_LIB_FILE=''
LIBM=''
LIBOBJS=''
LIBRARY_PREFIX=''
LIBS=''
LIBZIP_CAN_USE_MMAP=''
LIPO=''
LN=''
LS=''
LTLIBOBJS=''
MACOSX_BUNDLE_ID_BASE=''
MACOSX_BUNDLE_NAME_BASE=''
MACOSX_VERSION_MAX=''
MACOSX_VERSION_MIN=''
MAKE=''
MEMORY_SIZE=''
MKDIR=''
MKTEMP=''
MSBUILD=''
MSVCP_DLL=''
MSVCR_DLL=''
MT=''
MV=''
NAWK=''
NICE=''
NM=''
NUM_CORES=''
OBJCOPY=''
OBJDUMP=''
OBJEXT=''
OBJ_SUFFIX=''
OPENJDK_BUILD_AUTOCONF_NAME=''
OPENJDK_BUILD_BUNDLE_PLATFORM=''
OPENJDK_BUILD_CFLAGS_JDKEXE=''
OPENJDK_BUILD_CFLAGS_JDKLIB=''
OPENJDK_BUILD_CPU=''
OPENJDK_BUILD_CPU_ARCH=''
OPENJDK_BUILD_CPU_BITS=''
OPENJDK_BUILD_CPU_ENDIAN=''
OPENJDK_BUILD_CPU_ISADIR=''
OPENJDK_BUILD_CPU_LEGACY=''
OPENJDK_BUILD_CPU_LEGACY_LIB=''
OPENJDK_BUILD_CPU_OSARCH=''
OPENJDK_BUILD_CXXFLAGS_JDKEXE=''
OPENJDK_BUILD_CXXFLAGS_JDKLIB=''
OPENJDK_BUILD_CXXSTD_CXXFLAG=''
OPENJDK_BUILD_JDKEXE_LIBS=''
OPENJDK_BUILD_JDKLIB_LIBS=''
OPENJDK_BUILD_JVM_ASFLAGS=''
OPENJDK_BUILD_JVM_CFLAGS=''
OPENJDK_BUILD_JVM_LDFLAGS=''
OPENJDK_BUILD_JVM_LIBS=''
OPENJDK_BUILD_LDFLAGS_CXX_JDK=''
OPENJDK_BUILD_LDFLAGS_HASH_STYLE=''
OPENJDK_BUILD_LDFLAGS_JDKEXE=''
OPENJDK_BUILD_LDFLAGS_JDKLIB=''
OPENJDK_BUILD_LDFLAGS_NO_EXEC_STACK=''
OPENJDK_BUILD_OS=''
OPENJDK_BUILD_OS_ENV=''
OPENJDK_BUILD_OS_TYPE=''
OPENJDK_MODULE_TARGET_PLATFORM=''
OPENJDK_TARGET_AUTOCONF_NAME=''
OPENJDK_TARGET_BUNDLE_PLATFORM=''
OPENJDK_TARGET_CPU=''
OPENJDK_TARGET_CPU_ARCH=''
OPENJDK_TARGET_CPU_BITS=''
OPENJDK_TARGET_CPU_ENDIAN=''
OPENJDK_TARGET_CPU_ISADIR=''
OPENJDK_TARGET_CPU_LEGACY=''
OPENJDK_TARGET_CPU_LEGACY_LIB=''
OPENJDK_TARGET_CPU_OSARCH=''
OPENJDK_TARGET_OS=''
OPENJDK_TARGET_OS_ENV=''
OPENJDK_TARGET_OS_TYPE=''
ORIGINAL_PATH=''
OS_VERSION_MAJOR=''
OS_VERSION_MICRO=''
OS_VERSION_MINOR=''
OTOOL=''
OUTPUTDIR=''
OUTPUT_SYNC=''
OUTPUT_SYNC_SUPPORTED=''
PACKAGE_BUGREPORT='build-dev@openjdk.java.net'
PACKAGE_NAME='OpenJDK'
PACKAGE_PATH=''
PACKAGE_STRING='OpenJDK jdk9'
PACKAGE_TARNAME='openjdk'
PACKAGE_URL='http://openjdk.java.net'
PACKAGE_VERSION='jdk9'
PANDOC=''
PATCH=''
PATH_SEP=''
PATH_SEPARATOR=':'
PKGHANDLER=''
PKG_CONFIG=''
PNG_CFLAGS=''
PNG_LIBS=''
POTENTIAL_CC=''
POTENTIAL_CXX=''
PRINTF='printf'
PRODUCT_NAME=''
PRODUCT_SUFFIX=''
RC=''
RC_FLAGS=''
READELF=''
READLINK=''
RELEASE_FILE_OS_ARCH=''
RELEASE_FILE_OS_NAME=''
RM=''
RMDIR=''
SDKROOT=''
SED=''
SETFILE=''
SET_EXECUTABLE_ORIGIN=''
SET_SHARED_LIBRARY_MAPFILE=''
SET_SHARED_LIBRARY_NAME=''
SET_SHARED_LIBRARY_ORIGIN=''
SH=''
SHARED_LIBRARY=''
SHARED_LIBRARY_FLAGS=''
SHARED_LIBRARY_SUFFIX=''
SHELL='/bin/bash'
SJAVAC_SERVER_JAVA=''
SJAVAC_SERVER_JAVA_FLAGS=''
SORT=''
SPEC=''
STAT=''
STATIC_BUILD=''
STATIC_LIBRARY=''
STATIC_LIBRARY_SUFFIX=''
STLPORT_LIB=''
STRIP=''
STRIPFLAGS=''
SYSROOT_CFLAGS=''
SYSROOT_LDFLAGS=''
TAIL=''
TAR=''
TAR_CREATE_EXTRA_PARAM=''
TAR_INCLUDE_PARAM=''
TAR_SUPPORTS_TRANSFORM=''
TAR_TYPE=''
TEE=''
TEST_JOBS=''
TIME=''
TOOLCHAIN_PATH_CC=''
TOOLCHAIN_PATH_CXX=''
TOOLCHAIN_TYPE=''
TOOLCHAIN_VERSION=''
TOPDIR='/home/alex/projects/openjdk/jdk10u'
TOUCH=''
TR=''
UNAME=''
UNIQ=''
UNLIMITED_CRYPTO=''
UNZIP=''
USERNAME=''
USE_EXTERNAL_LCMS=''
USE_EXTERNAL_LIBGIF=''
USE_EXTERNAL_LIBJPEG=''
USE_EXTERNAL_LIBPNG=''
USE_EXTERNAL_LIBZ=''
USE_PRECOMPILED_HEADER=''
USING_BROKEN_SUSE_LD=''
VALID_JVM_FEATURES='compiler1 compiler2 zero minimal dtrace jvmti jvmci     graal vm-structs jni-check services management all-gcs nmt cds     static-build link-time-opt aot'
VALID_JVM_VARIANTS='server client minimal core zero custom'
VENDOR_URL=''
VENDOR_URL_BUG=''
VENDOR_URL_VM_BUG=''
VENDOR_VERSION_STRING=''
VERSION_BUILD=''
VERSION_DATE=''
VERSION_FEATURE=''
VERSION_INTERIM=''
VERSION_IS_GA=''
VERSION_NUMBER=''
VERSION_NUMBER_FOUR_POSITIONS=''
VERSION_OPT=''
VERSION_PATCH=''
VERSION_PRE=''
VERSION_SHORT=''
VERSION_STRING=''
VERSION_UPDATE=''
VS_INCLUDE=''
VS_LIB=''
VS_PATH=''
WARNINGS_AS_ERRORS=''
WC=''
WHICH=''
XARGS=''
XATTR=''
XCODEBUILD=''
XMKMF=''
X_CFLAGS=''
X_EXTRA_LIBS=''
X_LIBS=''
X_PRE_LIBS=''
ZIPEXE=''
ZIP_EXTERNAL_DEBUG_SYMBOLS=''
ac_ct_AR=''
ac_ct_CC=''
ac_ct_CXX=''
ac_ct_NM=''
ac_ct_OBJCOPY=''
ac_ct_OBJDUMP=''
ac_ct_STRIP=''
bindir='${exec_prefix}/bin'
build=''
build_alias=''
build_cpu=''
build_os=''
build_vendor=''
datadir='${datarootdir}'
datarootdir='${prefix}/share'
docdir='${datarootdir}/doc/${PACKAGE_TARNAME}'
dvidir='${docdir}'
exec_prefix='NONE'
host=''
host_alias=''
host_cpu=''
host_os=''
host_vendor=''
htmldir='${docdir}'
includedir='${prefix}/include'
infodir='${datarootdir}/info'
libdir='${exec_prefix}/lib'
libexecdir='${exec_prefix}/libexec'
localedir='${datarootdir}/locale'
localstatedir='${prefix}/var'
mandir='${datarootdir}/man'
oldincludedir='/usr/include'
pdfdir='${docdir}'
prefix='NONE'
program_transform_name='s,x,x,'
psdir='${docdir}'
sbindir='${exec_prefix}/sbin'
sharedstatedir='${prefix}/com'
sysconfdir='${prefix}/etc'
target=''
target_alias=''
target_cpu=''
target_os=''
target_vendor=''

## ----------- ##
## confdefs.h. ##
## ----------- ##

/* confdefs.h */
#define PACKAGE_NAME "OpenJDK"
#define PACKAGE_TARNAME "openjdk"
#define PACKAGE_VERSION "jdk9"
#define PACKAGE_STRING "OpenJDK jdk9"
#define PACKAGE_BUGREPORT "build-dev@openjdk.java.net"
#define PACKAGE_URL "http://openjdk.java.net"

configure: exit 0
